<?xml version="1.0" encoding="UTF-8"?>
<testng-results skipped="0" failed="0" ignored="0" total="1" passed="1">
  <reporter-output>
  </reporter-output>
  <suite name="Default suite" duration-ms="70919" started-at="2020-04-05T15:59:58 IST" finished-at="2020-04-05T16:01:09 IST">
    <groups>
      <group name="cucumber">
        <method signature="AbstractTestNGCucumberTests.feature(cucumber.api.testng.CucumberFeatureWrapper)[pri:0, instance:webDriverWaitFunction.WebDriverWaitFunctionRunner@3dfc5fb8]" name="feature" class="cucumber.api.testng.AbstractTestNGCucumberTests"/>
      </group> <!-- cucumber -->
    </groups>
    <test name="Default test" duration-ms="70919" started-at="2020-04-05T15:59:58 IST" finished-at="2020-04-05T16:01:09 IST">
      <class name="webDriverWaitFunction.WebDriverWaitFunctionRunner">
        <test-method status="PASS" signature="setUpClass()[pri:0, instance:webDriverWaitFunction.WebDriverWaitFunctionRunner@3dfc5fb8]" name="setUpClass" is-config="true" duration-ms="296" started-at="2020-04-05T15:59:58 IST" finished-at="2020-04-05T15:59:58 IST">
          <reporter-output>
          </reporter-output>
        </test-method> <!-- setUpClass -->
        <test-method status="PASS" signature="feature(cucumber.api.testng.CucumberFeatureWrapper)[pri:0, instance:webDriverWaitFunction.WebDriverWaitFunctionRunner@3dfc5fb8]" name="feature" duration-ms="70422" started-at="2020-04-05T15:59:58 IST" description="Runs Cucumber Feature" data-provider="features" finished-at="2020-04-05T16:01:09 IST">
          <params>
            <param index="0">
              <value>
                <![CDATA[web driver wait function]]>
              </value>
            </param>
          </params>
          <reporter-output>
          </reporter-output>
        </test-method> <!-- feature -->
        <test-method status="PASS" signature="tearDownClass()[pri:0, instance:webDriverWaitFunction.WebDriverWaitFunctionRunner@3dfc5fb8]" name="tearDownClass" is-config="true" duration-ms="17" started-at="2020-04-05T16:01:09 IST" finished-at="2020-04-05T16:01:09 IST">
          <reporter-output>
          </reporter-output>
        </test-method> <!-- tearDownClass -->
      </class> <!-- webDriverWaitFunction.WebDriverWaitFunctionRunner -->
    </test> <!-- Default test -->
  </suite> <!-- Default suite -->
</testng-results>
