<?xml version="1.0" encoding="UTF-8"?>
<testng-results skipped="0" failed="0" ignored="0" total="1" passed="1">
  <reporter-output>
  </reporter-output>
  <suite name="Default suite" duration-ms="25446" started-at="2020-04-18T19:21:46 IST" finished-at="2020-04-18T19:22:11 IST">
    <groups>
      <group name="cucumber">
        <method signature="AbstractTestNGCucumberTests.feature(cucumber.api.testng.CucumberFeatureWrapper)[pri:0, instance:alertFunction.AlertFunctionRunner@3dfc5fb8]" name="feature" class="cucumber.api.testng.AbstractTestNGCucumberTests"/>
      </group> <!-- cucumber -->
    </groups>
    <test name="Default test" duration-ms="25446" started-at="2020-04-18T19:21:46 IST" finished-at="2020-04-18T19:22:11 IST">
      <class name="alertFunction.AlertFunctionRunner">
        <test-method status="PASS" signature="setUpClass()[pri:0, instance:alertFunction.AlertFunctionRunner@3dfc5fb8]" name="setUpClass" is-config="true" duration-ms="379" started-at="2020-04-18T19:21:46 IST" finished-at="2020-04-18T19:21:46 IST">
          <reporter-output>
          </reporter-output>
        </test-method> <!-- setUpClass -->
        <test-method status="PASS" signature="feature(cucumber.api.testng.CucumberFeatureWrapper)[pri:0, instance:alertFunction.AlertFunctionRunner@3dfc5fb8]" name="feature" duration-ms="24864" started-at="2020-04-18T19:21:46 IST" description="Runs Cucumber Feature" data-provider="features" finished-at="2020-04-18T19:22:11 IST">
          <params>
            <param index="0">
              <value>
                <![CDATA[Alert]]>
              </value>
            </param>
          </params>
          <reporter-output>
          </reporter-output>
        </test-method> <!-- feature -->
        <test-method status="PASS" signature="tearDownClass()[pri:0, instance:alertFunction.AlertFunctionRunner@3dfc5fb8]" name="tearDownClass" is-config="true" duration-ms="8" started-at="2020-04-18T19:22:11 IST" finished-at="2020-04-18T19:22:11 IST">
          <reporter-output>
          </reporter-output>
        </test-method> <!-- tearDownClass -->
      </class> <!-- alertFunction.AlertFunctionRunner -->
    </test> <!-- Default test -->
  </suite> <!-- Default suite -->
</testng-results>
